<?xml version="1.0" encoding="UTF-8"?>
<!-- Generated by org.testng.reporters.JUnitReportReporter -->
<testsuite hostname="Robin" failures="0" tests="1" name="com.qa.testcases.loginpagetest" time="14.482" errors="0" timestamp="2024-04-27T13:07:06 IST" skipped="0">
  <testcase classname="com.qa.testcases.loginpagetest" name="logintest" time="14.482"/>
  <system-out/>
</testsuite> <!-- com.qa.testcases.loginpagetest -->
