<?xml version="1.0" encoding="UTF-8"?>
<!-- Generated by org.testng.reporters.JUnitReportReporter -->
<testsuite hostname="Robin" failures="0" tests="2" name="com.qa.testcases.homepagetest" time="0.053" errors="0" timestamp="2024-04-27T13:05:14 IST" skipped="0">
  <testcase classname="com.qa.testcases.homepagetest" name="homepageurltest" time="0.013"/>
  <system-out/>
  <testcase classname="com.qa.testcases.homepagetest" name="homepagetitletest" time="0.040"/>
  <system-out/>
</testsuite> <!-- com.qa.testcases.homepagetest -->
