<?xml version="1.0" encoding="UTF-8"?>
<!-- Generated by org.testng.reporters.JUnitReportReporter -->
<testsuite hostname="Robin" failures="0" tests="2" name="com.qa.testcases.Registrationpagetest" time="0.008" errors="0" timestamp="2024-04-30T12:24:54 IST" skipped="1">
  <testcase classname="com.qa.testcases.Registrationpagetest" name="validatereg" time="0.008"/>
  <system-out/>
  <testcase classname="com.qa.testcases.Registrationpagetest" name="registrationtest" time="0.000">
    <skipped/>
  </testcase> <!-- registrationtest -->
  <system-out/>
</testsuite> <!-- com.qa.testcases.Registrationpagetest -->
